2018-11-28 15:15:12,192-main_dialog.py-ERROR-'MainDialog' object has no attribute 'thread_count_edit'
2018-11-28 15:15:15,864-main_dialog.py-ERROR-'MainDialog' object has no attribute 'thread_count_edit'
2018-11-28 15:17:30,607-main_dialog.py-ERROR-invalid literal for int() with base 10: 'qwe'
2018-11-28 15:20:19,658-BaseDownloader.py-ERROR-download 4 16 8 ERROR
2018-11-28 15:20:26,025-BaseDownloader.py-ERROR-download 5 33 17 ERROR
2018-11-28 16:25:32,941-BaseDownloader.py-ERROR-download 15 50488 22004 ERROR
2018-11-28 16:25:35,038-BaseDownloader.py-ERROR-download 14 25244 11002 ERROR
2018-11-28 16:25:35,222-BaseDownloader.py-ERROR-download 14 25244 11001 ERROR
2018-11-28 16:25:35,253-BaseDownloader.py-ERROR-download 14 25244 11003 ERROR
2018-11-28 16:25:35,371-BaseDownloader.py-ERROR-download 15 50488 22003 ERROR
2018-11-28 16:25:37,345-BaseDownloader.py-ERROR-download 15 50488 22005 ERROR
2018-11-28 16:25:39,822-BaseDownloader.py-ERROR-download 15 50488 22008 ERROR
2018-11-28 16:25:39,859-BaseDownloader.py-ERROR-download 15 50489 22003 ERROR
2018-11-28 16:25:40,005-BaseDownloader.py-ERROR-download 15 50488 22007 ERROR
2018-11-28 16:25:40,913-BaseDownloader.py-ERROR-download 15 50488 22006 ERROR
2018-11-28 16:25:42,530-BaseDownloader.py-ERROR-download 15 50489 22004 ERROR
2018-11-28 16:25:44,408-BaseDownloader.py-ERROR-download 15 50489 22005 ERROR
2018-11-28 16:25:44,611-BaseDownloader.py-ERROR-download 15 50489 22006 ERROR
2018-11-28 16:25:45,692-BaseDownloader.py-ERROR-download 15 50489 22007 ERROR
2018-11-28 16:25:46,952-BaseDownloader.py-ERROR-download 15 50489 22008 ERROR
2018-11-28 16:25:47,555-BaseDownloader.py-ERROR-download 15 50490 22003 ERROR
2018-11-28 16:25:48,969-BaseDownloader.py-ERROR-download 15 50490 22004 ERROR
2018-11-28 16:25:49,789-BaseDownloader.py-ERROR-download 15 50490 22005 ERROR
2018-11-28 16:25:50,815-BaseDownloader.py-ERROR-download 15 50490 22006 ERROR
2018-11-28 16:25:51,493-BaseDownloader.py-ERROR-download 15 50490 22007 ERROR
2018-11-28 16:25:52,261-BaseDownloader.py-ERROR-download 15 50490 22008 ERROR
2018-11-28 16:37:56,085-BaseDownloader.py-ERROR-download 3 12 5 ERROR
2018-11-28 16:37:56,372-BaseDownloader.py-ERROR-download 2 6 2 ERROR
2018-11-28 16:37:56,538-BaseDownloader.py-ERROR-download 1 3 1 ERROR
2018-11-28 16:37:56,636-BaseDownloader.py-ERROR-download 0 1 0 ERROR
2018-11-28 16:37:57,297-BaseDownloader.py-ERROR-download 4 24 10 ERROR
2018-11-28 16:38:00,152-BaseDownloader.py-ERROR-download 5 49 21 ERROR
2018-11-28 16:38:00,362-BaseDownloader.py-ERROR-download 6 98 42 ERROR
2018-11-28 16:38:00,687-BaseDownloader.py-ERROR-download 8 394 171 ERROR
2018-11-28 16:38:01,288-BaseDownloader.py-ERROR-download 7 197 85 ERROR
2018-11-28 16:38:01,590-BaseDownloader.py-ERROR-download 9 788 343 ERROR
2018-11-28 16:38:04,490-BaseDownloader.py-ERROR-download 11 3155 1375 ERROR
2018-11-28 16:38:04,614-BaseDownloader.py-ERROR-download 10 1577 687 ERROR
2018-11-28 16:38:04,842-BaseDownloader.py-ERROR-download 12 6311 2750 ERROR
2018-11-28 16:38:05,169-BaseDownloader.py-ERROR-download 12 6311 2751 ERROR
2018-11-28 16:38:05,518-BaseDownloader.py-ERROR-download 13 12622 5500 ERROR
2018-11-28 16:38:08,468-BaseDownloader.py-ERROR-download 13 12622 5501 ERROR
2018-11-28 16:38:08,640-BaseDownloader.py-ERROR-download 13 12622 5502 ERROR
2018-11-28 16:38:36,478-BaseDownloader.py-ERROR-download 2 6 2 ERROR
2018-11-28 16:38:36,606-BaseDownloader.py-ERROR-download 0 1 0 ERROR
2018-11-28 16:38:36,744-BaseDownloader.py-ERROR-download 3 12 5 ERROR
2018-11-28 16:38:36,957-BaseDownloader.py-ERROR-download 1 3 1 ERROR
2018-11-28 16:38:36,959-BaseDownloader.py-ERROR-download 4 24 10 ERROR
2018-11-28 16:38:40,665-BaseDownloader.py-ERROR-download 5 49 21 ERROR
2018-11-28 16:38:40,932-BaseDownloader.py-ERROR-download 6 98 42 ERROR
2018-11-28 16:38:40,994-BaseDownloader.py-ERROR-download 7 197 85 ERROR
2018-11-28 16:38:41,401-BaseDownloader.py-ERROR-download 8 394 171 ERROR
2018-11-28 16:38:41,440-BaseDownloader.py-ERROR-download 9 788 343 ERROR
2018-11-28 16:38:47,596-BaseDownloader.py-ERROR-download 10 1577 687 ERROR
2018-11-28 16:38:48,033-BaseDownloader.py-ERROR-download 11 3155 1375 ERROR
2018-11-28 16:38:49,593-BaseDownloader.py-ERROR-download 12 6311 2750 ERROR
2018-11-28 16:38:49,934-BaseDownloader.py-ERROR-download 12 6311 2751 ERROR
2018-11-28 16:38:51,279-BaseDownloader.py-ERROR-download 13 12622 5500 ERROR
2018-11-28 16:38:54,201-BaseDownloader.py-ERROR-download 13 12622 5501 ERROR
2018-11-28 16:38:57,408-BaseDownloader.py-ERROR-download 13 12622 5502 ERROR
2018-12-07 15:22:21,200-BaseDownloader.py-ERROR-download 9 788 343 ERROR
2018-12-07 15:22:21,508-BaseDownloader.py-ERROR-download 13 12622 5502 ERROR
2018-12-07 15:22:21,538-BaseDownloader.py-ERROR-download 13 12622 5500 ERROR
2018-12-07 15:22:21,540-BaseDownloader.py-ERROR-download 12 6311 2751 ERROR
2018-12-07 15:22:21,776-BaseDownloader.py-ERROR-download 10 1577 687 ERROR
2018-12-07 15:22:22,008-BaseDownloader.py-ERROR-download 13 12622 5501 ERROR
2018-12-07 15:22:22,021-BaseDownloader.py-ERROR-download 11 3155 1375 ERROR
2018-12-07 15:22:22,285-BaseDownloader.py-ERROR-download 12 6311 2750 ERROR
2018-12-07 15:22:42,928-BaseDownloader.py-ERROR-download 10 1577 687 ERROR
2018-12-07 15:22:43,007-BaseDownloader.py-ERROR-download 9 788 343 ERROR
2018-12-07 15:22:43,060-BaseDownloader.py-ERROR-download 13 12622 5500 ERROR
2018-12-07 15:22:43,136-BaseDownloader.py-ERROR-download 13 12622 5501 ERROR
2018-12-07 15:22:43,153-BaseDownloader.py-ERROR-download 12 6311 2750 ERROR
2018-12-07 15:22:43,213-BaseDownloader.py-ERROR-download 12 6311 2751 ERROR
2018-12-07 15:22:43,397-BaseDownloader.py-ERROR-download 13 12622 5502 ERROR
2018-12-07 15:22:43,717-BaseDownloader.py-ERROR-download 11 3155 1375 ERROR
2018-12-07 15:26:12,966-BaseDownloader.py-ERROR-download 14 25244 11001 ERROR
2018-12-07 15:26:13,270-BaseDownloader.py-ERROR-download 14 25245 11001 ERROR
2018-12-07 15:26:13,510-BaseDownloader.py-ERROR-download 14 25245 11002 ERROR
2018-12-07 15:26:13,887-BaseDownloader.py-ERROR-download 14 25244 11004 ERROR
2018-12-07 15:26:14,214-BaseDownloader.py-ERROR-download 14 25244 11002 ERROR
2018-12-07 15:26:14,250-BaseDownloader.py-ERROR-download 14 25244 11003 ERROR
2018-12-07 15:26:14,331-BaseDownloader.py-ERROR-download 14 25245 11004 ERROR
2018-12-07 15:26:14,370-BaseDownloader.py-ERROR-download 14 25245 11003 ERROR
2018-12-07 15:39:20,198-main_dialog.py-ERROR-max or min longitude error
2018-12-07 15:39:45,769-BaseDownloader.py-ERROR-download 10 1576 688 ERROR
2018-12-07 15:39:45,817-BaseDownloader.py-ERROR-download 10 1578 687 ERROR
2018-12-07 15:39:45,863-BaseDownloader.py-ERROR-download 9 789 343 ERROR
2018-12-07 15:39:46,103-BaseDownloader.py-ERROR-download 10 1578 686 ERROR
2018-12-07 15:39:46,185-BaseDownloader.py-ERROR-download 9 788 344 ERROR
2018-12-07 15:39:46,199-BaseDownloader.py-ERROR-download 10 1577 688 ERROR
2018-12-07 15:39:46,258-BaseDownloader.py-ERROR-download 10 1576 686 ERROR
2018-12-07 15:39:46,258-BaseDownloader.py-ERROR-download 10 1576 687 ERROR
2018-12-07 15:39:46,357-BaseDownloader.py-ERROR-download 10 1577 686 ERROR
2018-12-07 15:39:46,489-BaseDownloader.py-ERROR-download 9 789 344 ERROR
2018-12-07 15:39:49,966-BaseDownloader.py-ERROR-download 10 1578 688 ERROR
2018-12-07 15:39:50,378-BaseDownloader.py-ERROR-download 11 3153 1373 ERROR
2018-12-07 15:39:50,475-BaseDownloader.py-ERROR-download 11 3153 1375 ERROR
2018-12-07 15:39:50,526-BaseDownloader.py-ERROR-download 11 3154 1375 ERROR
2018-12-07 15:39:50,542-BaseDownloader.py-ERROR-download 11 3154 1374 ERROR
2018-12-07 15:39:50,684-BaseDownloader.py-ERROR-download 11 3155 1373 ERROR
2018-12-07 15:39:50,724-BaseDownloader.py-ERROR-download 11 3153 1376 ERROR
2018-12-07 15:39:50,876-BaseDownloader.py-ERROR-download 11 3153 1374 ERROR
2018-12-07 15:39:50,881-BaseDownloader.py-ERROR-download 11 3154 1376 ERROR
2018-12-07 15:39:51,142-BaseDownloader.py-ERROR-download 11 3154 1373 ERROR
2018-12-07 15:39:54,160-BaseDownloader.py-ERROR-download 11 3155 1374 ERROR
2018-12-07 15:39:54,574-BaseDownloader.py-ERROR-download 11 3155 1376 ERROR
2018-12-07 15:39:54,676-BaseDownloader.py-ERROR-download 11 3156 1375 ERROR
2018-12-07 15:39:54,716-BaseDownloader.py-ERROR-download 11 3156 1374 ERROR
2018-12-07 15:39:54,810-BaseDownloader.py-ERROR-download 11 3156 1376 ERROR
2018-12-07 15:39:54,897-BaseDownloader.py-ERROR-download 11 3156 1373 ERROR
2018-12-07 15:39:55,095-BaseDownloader.py-ERROR-download 11 3157 1373 ERROR
2018-12-07 15:39:55,382-BaseDownloader.py-ERROR-download 11 3157 1374 ERROR
2018-12-07 15:39:55,689-BaseDownloader.py-ERROR-download 11 3157 1375 ERROR
2018-12-07 15:39:55,942-BaseDownloader.py-ERROR-download 11 3157 1376 ERROR
2018-12-07 15:39:58,361-BaseDownloader.py-ERROR-download 12 6307 2746 ERROR
2018-12-07 15:39:58,617-BaseDownloader.py-ERROR-download 12 6307 2747 ERROR
2018-12-07 15:39:58,705-BaseDownloader.py-ERROR-download 12 6307 2748 ERROR
2018-12-07 15:39:58,805-BaseDownloader.py-ERROR-download 12 6307 2750 ERROR
2018-12-07 15:39:58,938-BaseDownloader.py-ERROR-download 12 6307 2751 ERROR
2018-12-07 15:39:58,977-BaseDownloader.py-ERROR-download 12 6307 2749 ERROR
2018-12-07 15:39:59,181-BaseDownloader.py-ERROR-download 12 6307 2752 ERROR
2018-12-07 15:39:59,546-BaseDownloader.py-ERROR-download 12 6307 2753 ERROR
2018-12-07 15:39:59,581-BaseDownloader.py-ERROR-download 12 6308 2746 ERROR
2018-12-07 15:39:59,951-BaseDownloader.py-ERROR-download 12 6308 2747 ERROR
2018-12-07 15:40:02,521-BaseDownloader.py-ERROR-download 12 6308 2748 ERROR
2018-12-07 15:40:02,697-BaseDownloader.py-ERROR-download 12 6308 2749 ERROR
2018-12-07 15:40:02,741-BaseDownloader.py-ERROR-download 12 6308 2750 ERROR
2018-12-07 15:40:02,943-BaseDownloader.py-ERROR-download 12 6308 2752 ERROR
2018-12-07 15:40:03,030-BaseDownloader.py-ERROR-download 12 6308 2753 ERROR
2018-12-07 15:40:03,290-BaseDownloader.py-ERROR-download 12 6308 2751 ERROR
2018-12-07 15:40:03,305-BaseDownloader.py-ERROR-download 12 6309 2746 ERROR
2018-12-07 15:40:03,566-BaseDownloader.py-ERROR-download 12 6309 2747 ERROR
2018-12-07 15:40:03,614-BaseDownloader.py-ERROR-download 12 6309 2748 ERROR
2018-12-07 15:40:03,866-BaseDownloader.py-ERROR-download 12 6309 2749 ERROR
2018-12-07 15:40:06,637-BaseDownloader.py-ERROR-download 12 6309 2750 ERROR
2018-12-07 15:40:06,721-BaseDownloader.py-ERROR-download 12 6309 2752 ERROR
2018-12-07 15:40:06,791-BaseDownloader.py-ERROR-download 12 6309 2751 ERROR
2018-12-07 15:40:07,248-BaseDownloader.py-ERROR-download 12 6309 2753 ERROR
2018-12-07 15:40:07,299-BaseDownloader.py-ERROR-download 12 6310 2748 ERROR
2018-12-07 15:40:07,362-BaseDownloader.py-ERROR-download 12 6310 2747 ERROR
2018-12-07 15:40:07,491-BaseDownloader.py-ERROR-download 12 6310 2749 ERROR
2018-12-07 15:40:07,672-BaseDownloader.py-ERROR-download 12 6310 2750 ERROR
2018-12-07 15:40:07,690-BaseDownloader.py-ERROR-download 12 6310 2746 ERROR
2018-12-07 15:40:07,932-BaseDownloader.py-ERROR-download 12 6310 2751 ERROR
2018-12-07 15:40:10,809-BaseDownloader.py-ERROR-download 12 6310 2752 ERROR
2018-12-07 15:40:10,913-BaseDownloader.py-ERROR-download 12 6310 2753 ERROR
2018-12-07 15:40:11,149-BaseDownloader.py-ERROR-download 12 6311 2746 ERROR
2018-12-07 15:40:11,377-BaseDownloader.py-ERROR-download 12 6311 2747 ERROR
2018-12-07 15:40:11,422-BaseDownloader.py-ERROR-download 12 6311 2748 ERROR
2018-12-07 15:40:11,541-BaseDownloader.py-ERROR-download 12 6311 2749 ERROR
2018-12-07 15:40:11,657-BaseDownloader.py-ERROR-download 12 6311 2752 ERROR
2018-12-07 15:40:11,734-BaseDownloader.py-ERROR-download 12 6311 2753 ERROR
2018-12-07 15:40:12,264-BaseDownloader.py-ERROR-download 12 6312 2746 ERROR
2018-12-07 15:40:12,274-BaseDownloader.py-ERROR-download 12 6312 2747 ERROR
2018-12-07 15:40:14,858-BaseDownloader.py-ERROR-download 12 6312 2748 ERROR
2018-12-07 15:40:14,932-BaseDownloader.py-ERROR-download 12 6312 2749 ERROR
2018-12-07 15:40:15,156-BaseDownloader.py-ERROR-download 12 6312 2750 ERROR
2018-12-07 15:40:15,324-BaseDownloader.py-ERROR-download 12 6312 2751 ERROR
2018-12-07 15:40:15,381-BaseDownloader.py-ERROR-download 12 6312 2752 ERROR
2018-12-07 15:40:15,525-BaseDownloader.py-ERROR-download 12 6312 2753 ERROR
2018-12-07 15:40:15,821-BaseDownloader.py-ERROR-download 12 6313 2746 ERROR
2018-12-07 15:40:16,072-BaseDownloader.py-ERROR-download 12 6313 2747 ERROR
2018-12-07 15:40:16,378-BaseDownloader.py-ERROR-download 12 6313 2748 ERROR
2018-12-07 15:40:16,381-BaseDownloader.py-ERROR-download 12 6313 2749 ERROR
2018-12-07 15:40:18,838-BaseDownloader.py-ERROR-download 12 6313 2750 ERROR
2018-12-07 15:40:18,983-BaseDownloader.py-ERROR-download 12 6313 2751 ERROR
2018-12-07 15:40:19,317-BaseDownloader.py-ERROR-download 12 6314 2746 ERROR
2018-12-07 15:40:19,450-BaseDownloader.py-ERROR-download 12 6313 2752 ERROR
2018-12-07 15:40:19,562-BaseDownloader.py-ERROR-download 12 6314 2747 ERROR
2018-12-07 15:40:19,644-BaseDownloader.py-ERROR-download 12 6313 2753 ERROR
2018-12-07 15:40:19,842-BaseDownloader.py-ERROR-download 12 6314 2748 ERROR
2018-12-07 15:40:20,102-BaseDownloader.py-ERROR-download 12 6314 2749 ERROR
2018-12-07 15:40:20,315-BaseDownloader.py-ERROR-download 12 6314 2751 ERROR
2018-12-07 15:40:20,373-BaseDownloader.py-ERROR-download 12 6314 2750 ERROR
2018-12-07 15:40:23,016-BaseDownloader.py-ERROR-download 12 6314 2753 ERROR
2018-12-07 15:40:23,259-BaseDownloader.py-ERROR-download 12 6314 2752 ERROR
2018-12-07 15:40:23,388-BaseDownloader.py-ERROR-download 13 12615 5493 ERROR
2018-12-07 15:40:23,410-BaseDownloader.py-ERROR-download 13 12615 5494 ERROR
2018-12-07 15:40:23,762-BaseDownloader.py-ERROR-download 13 12615 5495 ERROR
2018-12-07 15:40:23,848-BaseDownloader.py-ERROR-download 13 12615 5497 ERROR
2018-12-07 15:40:24,049-BaseDownloader.py-ERROR-download 13 12615 5496 ERROR
2018-12-07 15:40:24,132-BaseDownloader.py-ERROR-download 13 12615 5498 ERROR
2018-12-07 15:40:24,313-BaseDownloader.py-ERROR-download 13 12615 5499 ERROR
2018-12-07 15:40:24,369-BaseDownloader.py-ERROR-download 13 12615 5500 ERROR
2018-12-07 15:40:28,913-BaseDownloader.py-ERROR-download 13 12615 5501 ERROR
2018-12-07 15:40:29,377-BaseDownloader.py-ERROR-download 13 12615 5503 ERROR
2018-12-07 15:40:29,432-BaseDownloader.py-ERROR-download 13 12615 5502 ERROR
2018-12-07 15:40:29,914-BaseDownloader.py-ERROR-download 13 12615 5504 ERROR
2018-12-07 15:40:30,279-BaseDownloader.py-ERROR-download 13 12615 5506 ERROR
2018-12-07 15:40:30,287-BaseDownloader.py-ERROR-download 13 12615 5505 ERROR
2018-12-07 15:40:30,600-BaseDownloader.py-ERROR-download 13 12616 5495 ERROR
2018-12-07 15:40:30,814-BaseDownloader.py-ERROR-download 13 12616 5494 ERROR
2018-12-07 15:40:31,096-BaseDownloader.py-ERROR-download 13 12616 5493 ERROR
2018-12-07 15:40:32,292-BaseDownloader.py-ERROR-download 13 12616 5496 ERROR
2018-12-07 15:40:35,247-BaseDownloader.py-ERROR-download 13 12616 5497 ERROR
2018-12-07 15:40:35,963-BaseDownloader.py-ERROR-download 13 12616 5498 ERROR
2018-12-07 15:40:36,211-BaseDownloader.py-ERROR-download 13 12616 5499 ERROR
2018-12-07 15:40:36,321-BaseDownloader.py-ERROR-download 13 12616 5500 ERROR
2018-12-07 15:40:36,635-BaseDownloader.py-ERROR-download 13 12616 5502 ERROR
2018-12-07 15:40:36,810-BaseDownloader.py-ERROR-download 13 12616 5501 ERROR
2018-12-07 15:40:37,089-BaseDownloader.py-ERROR-download 13 12616 5504 ERROR
2018-12-07 15:40:37,149-BaseDownloader.py-ERROR-download 13 12616 5503 ERROR
2018-12-07 15:40:38,102-BaseDownloader.py-ERROR-download 13 12616 5505 ERROR
2018-12-07 15:40:38,989-BaseDownloader.py-ERROR-download 13 12616 5506 ERROR
2018-12-07 15:40:41,609-BaseDownloader.py-ERROR-download 13 12617 5493 ERROR
2018-12-07 15:40:42,595-BaseDownloader.py-ERROR-download 13 12617 5495 ERROR
2018-12-07 15:40:43,004-BaseDownloader.py-ERROR-download 13 12617 5494 ERROR
2018-12-07 15:40:43,035-BaseDownloader.py-ERROR-download 13 12617 5496 ERROR
2018-12-07 15:40:43,038-BaseDownloader.py-ERROR-download 13 12617 5497 ERROR
2018-12-07 15:40:43,446-BaseDownloader.py-ERROR-download 13 12617 5500 ERROR
2018-12-07 15:40:43,511-BaseDownloader.py-ERROR-download 13 12617 5499 ERROR
2018-12-07 15:40:43,567-BaseDownloader.py-ERROR-download 13 12617 5498 ERROR
2018-12-07 15:40:44,477-BaseDownloader.py-ERROR-download 13 12617 5501 ERROR
2018-12-07 15:40:45,318-BaseDownloader.py-ERROR-download 13 12617 5502 ERROR
2018-12-07 15:40:48,278-BaseDownloader.py-ERROR-download 13 12617 5503 ERROR
2018-12-07 15:40:48,999-BaseDownloader.py-ERROR-download 13 12617 5504 ERROR
2018-12-07 15:40:49,335-BaseDownloader.py-ERROR-download 13 12617 5506 ERROR
2018-12-07 15:40:49,463-BaseDownloader.py-ERROR-download 13 12618 5493 ERROR
2018-12-07 15:40:49,595-BaseDownloader.py-ERROR-download 13 12617 5505 ERROR
2018-12-07 15:40:49,930-BaseDownloader.py-ERROR-download 13 12618 5496 ERROR
2018-12-07 15:40:50,091-BaseDownloader.py-ERROR-download 13 12618 5494 ERROR
2018-12-07 15:40:50,385-BaseDownloader.py-ERROR-download 13 12618 5495 ERROR
2018-12-07 15:40:51,207-BaseDownloader.py-ERROR-download 13 12618 5497 ERROR
2018-12-07 15:40:52,037-BaseDownloader.py-ERROR-download 13 12618 5498 ERROR
2018-12-07 15:40:55,199-BaseDownloader.py-ERROR-download 13 12618 5499 ERROR
2018-12-07 15:40:55,613-BaseDownloader.py-ERROR-download 13 12618 5500 ERROR
2018-12-07 15:40:56,087-BaseDownloader.py-ERROR-download 13 12618 5501 ERROR
2018-12-07 15:40:56,202-BaseDownloader.py-ERROR-download 13 12618 5502 ERROR
2018-12-07 15:40:56,328-BaseDownloader.py-ERROR-download 13 12618 5503 ERROR
2018-12-07 15:40:56,523-BaseDownloader.py-ERROR-download 13 12618 5504 ERROR
2018-12-07 15:40:56,997-BaseDownloader.py-ERROR-download 13 12618 5505 ERROR
2018-12-07 15:40:57,393-BaseDownloader.py-ERROR-download 13 12618 5506 ERROR
2018-12-07 15:40:58,580-BaseDownloader.py-ERROR-download 13 12619 5493 ERROR
2018-12-07 15:40:58,591-BaseDownloader.py-ERROR-download 13 12619 5494 ERROR
2018-12-07 15:41:01,723-BaseDownloader.py-ERROR-download 13 12619 5495 ERROR
2018-12-07 15:41:01,884-BaseDownloader.py-ERROR-download 13 12619 5496 ERROR
2018-12-07 15:41:02,580-BaseDownloader.py-ERROR-download 13 12619 5498 ERROR
2018-12-07 15:41:02,671-BaseDownloader.py-ERROR-download 13 12619 5499 ERROR
2018-12-07 15:41:02,725-BaseDownloader.py-ERROR-download 13 12619 5497 ERROR
2018-12-07 15:41:03,280-BaseDownloader.py-ERROR-download 13 12619 5500 ERROR
2018-12-07 15:41:03,684-BaseDownloader.py-ERROR-download 13 12619 5501 ERROR
2018-12-07 15:41:03,789-BaseDownloader.py-ERROR-download 13 12619 5502 ERROR
2018-12-07 15:41:05,136-BaseDownloader.py-ERROR-download 13 12619 5503 ERROR
2018-12-07 15:41:05,152-BaseDownloader.py-ERROR-download 13 12619 5504 ERROR
2018-12-07 15:41:08,218-BaseDownloader.py-ERROR-download 13 12619 5506 ERROR
2018-12-07 15:41:08,269-BaseDownloader.py-ERROR-download 13 12619 5505 ERROR
2018-12-07 15:41:09,147-BaseDownloader.py-ERROR-download 13 12620 5493 ERROR
2018-12-07 15:41:09,189-BaseDownloader.py-ERROR-download 13 12620 5495 ERROR
2018-12-07 15:41:09,730-BaseDownloader.py-ERROR-download 13 12620 5494 ERROR
2018-12-07 15:41:09,831-BaseDownloader.py-ERROR-download 13 12620 5496 ERROR
2018-12-07 15:41:10,156-BaseDownloader.py-ERROR-download 13 12620 5498 ERROR
2018-12-07 15:41:10,199-BaseDownloader.py-ERROR-download 13 12620 5497 ERROR
2018-12-07 15:41:11,530-BaseDownloader.py-ERROR-download 13 12620 5500 ERROR
2018-12-07 15:41:11,796-BaseDownloader.py-ERROR-download 13 12620 5499 ERROR
2018-12-07 15:41:14,695-BaseDownloader.py-ERROR-download 13 12620 5502 ERROR
2018-12-07 15:41:15,517-BaseDownloader.py-ERROR-download 13 12620 5503 ERROR
2018-12-07 15:41:15,578-BaseDownloader.py-ERROR-download 13 12620 5501 ERROR
2018-12-07 15:41:15,650-BaseDownloader.py-ERROR-download 13 12620 5504 ERROR
2018-12-07 15:41:16,167-BaseDownloader.py-ERROR-download 13 12620 5505 ERROR
2018-12-07 15:41:16,254-BaseDownloader.py-ERROR-download 13 12620 5506 ERROR
2018-12-07 15:41:16,614-BaseDownloader.py-ERROR-download 13 12621 5494 ERROR
2018-12-07 15:41:16,667-BaseDownloader.py-ERROR-download 13 12621 5493 ERROR
2018-12-07 15:41:18,232-BaseDownloader.py-ERROR-download 13 12621 5495 ERROR
2018-12-07 15:41:18,275-BaseDownloader.py-ERROR-download 13 12621 5496 ERROR
2018-12-07 15:41:21,047-BaseDownloader.py-ERROR-download 13 12621 5497 ERROR
2018-12-07 15:41:21,899-BaseDownloader.py-ERROR-download 13 12621 5498 ERROR
2018-12-07 15:41:22,069-BaseDownloader.py-ERROR-download 13 12621 5499 ERROR
2018-12-07 15:41:22,070-BaseDownloader.py-ERROR-download 13 12621 5500 ERROR
2018-12-07 15:41:22,435-BaseDownloader.py-ERROR-download 13 12621 5501 ERROR
2018-12-07 15:41:22,776-BaseDownloader.py-ERROR-download 13 12621 5502 ERROR
2018-12-07 15:41:23,021-BaseDownloader.py-ERROR-download 13 12621 5504 ERROR
2018-12-07 15:41:23,239-BaseDownloader.py-ERROR-download 13 12621 5503 ERROR
2018-12-07 15:41:24,642-BaseDownloader.py-ERROR-download 13 12621 5505 ERROR
2018-12-07 15:41:24,693-BaseDownloader.py-ERROR-download 13 12621 5506 ERROR
2018-12-07 15:41:28,131-BaseDownloader.py-ERROR-download 13 12622 5493 ERROR
2018-12-07 15:41:28,286-BaseDownloader.py-ERROR-download 13 12622 5494 ERROR
2018-12-07 15:41:28,420-BaseDownloader.py-ERROR-download 13 12622 5496 ERROR
2018-12-07 15:41:28,478-BaseDownloader.py-ERROR-download 13 12622 5495 ERROR
2018-12-07 15:41:29,019-BaseDownloader.py-ERROR-download 13 12622 5497 ERROR
2018-12-07 15:41:29,286-BaseDownloader.py-ERROR-download 13 12622 5498 ERROR
2018-12-07 15:41:29,638-BaseDownloader.py-ERROR-download 13 12622 5499 ERROR
2018-12-07 15:41:29,723-BaseDownloader.py-ERROR-download 13 12622 5503 ERROR
2018-12-07 15:41:31,046-BaseDownloader.py-ERROR-download 13 12622 5504 ERROR
2018-12-07 15:41:31,458-BaseDownloader.py-ERROR-download 13 12622 5505 ERROR
2018-12-07 15:41:34,800-BaseDownloader.py-ERROR-download 13 12622 5506 ERROR
2018-12-07 15:41:34,842-BaseDownloader.py-ERROR-download 13 12623 5494 ERROR
2018-12-07 15:41:34,927-BaseDownloader.py-ERROR-download 13 12623 5493 ERROR
2018-12-07 15:41:35,123-BaseDownloader.py-ERROR-download 13 12623 5495 ERROR
2018-12-07 15:41:35,250-BaseDownloader.py-ERROR-download 13 12623 5496 ERROR
2018-12-07 15:41:35,882-BaseDownloader.py-ERROR-download 13 12623 5497 ERROR
2018-12-07 15:41:35,998-BaseDownloader.py-ERROR-download 13 12623 5499 ERROR
2018-12-07 15:41:36,237-BaseDownloader.py-ERROR-download 13 12623 5498 ERROR
2018-12-07 15:41:37,375-BaseDownloader.py-ERROR-download 13 12623 5500 ERROR
2018-12-07 15:41:37,809-BaseDownloader.py-ERROR-download 13 12623 5501 ERROR
2018-12-07 15:41:41,056-BaseDownloader.py-ERROR-download 13 12623 5502 ERROR
2018-12-07 15:41:41,224-BaseDownloader.py-ERROR-download 13 12623 5503 ERROR
2018-12-07 15:41:41,338-BaseDownloader.py-ERROR-download 13 12623 5504 ERROR
2018-12-07 15:41:41,588-BaseDownloader.py-ERROR-download 13 12623 5505 ERROR
2018-12-07 15:41:41,594-BaseDownloader.py-ERROR-download 13 12623 5506 ERROR
2018-12-07 15:41:42,195-BaseDownloader.py-ERROR-download 13 12624 5493 ERROR
2018-12-07 15:41:42,598-BaseDownloader.py-ERROR-download 13 12624 5495 ERROR
2018-12-07 15:41:42,960-BaseDownloader.py-ERROR-download 13 12624 5494 ERROR
2018-12-07 15:41:44,507-BaseDownloader.py-ERROR-download 13 12624 5496 ERROR
2018-12-07 15:41:45,000-BaseDownloader.py-ERROR-download 13 12624 5497 ERROR
2018-12-07 15:41:48,006-BaseDownloader.py-ERROR-download 13 12624 5500 ERROR
2018-12-07 15:41:48,060-BaseDownloader.py-ERROR-download 13 12624 5499 ERROR
2018-12-07 15:41:48,231-BaseDownloader.py-ERROR-download 13 12624 5498 ERROR
2018-12-07 15:41:48,307-BaseDownloader.py-ERROR-download 13 12624 5501 ERROR
2018-12-07 15:41:48,598-BaseDownloader.py-ERROR-download 13 12624 5502 ERROR
2018-12-07 15:41:49,167-BaseDownloader.py-ERROR-download 13 12624 5504 ERROR
2018-12-07 15:41:49,425-BaseDownloader.py-ERROR-download 13 12624 5503 ERROR
2018-12-07 15:41:50,304-BaseDownloader.py-ERROR-download 13 12624 5505 ERROR
2018-12-07 15:41:51,170-BaseDownloader.py-ERROR-download 13 12624 5506 ERROR
2018-12-07 15:41:51,402-BaseDownloader.py-ERROR-download 13 12625 5493 ERROR
2018-12-07 15:41:54,280-BaseDownloader.py-ERROR-download 13 12625 5495 ERROR
2018-12-07 15:41:54,368-BaseDownloader.py-ERROR-download 13 12625 5494 ERROR
2018-12-07 15:41:54,683-BaseDownloader.py-ERROR-download 13 12625 5496 ERROR
2018-12-07 15:41:55,133-BaseDownloader.py-ERROR-download 13 12625 5498 ERROR
2018-12-07 15:41:55,228-BaseDownloader.py-ERROR-download 13 12625 5497 ERROR
2018-12-07 15:41:55,475-BaseDownloader.py-ERROR-download 13 12625 5499 ERROR
2018-12-07 15:41:55,687-BaseDownloader.py-ERROR-download 13 12625 5500 ERROR
2018-12-07 15:41:57,122-BaseDownloader.py-ERROR-download 13 12625 5501 ERROR
2018-12-07 15:41:57,875-BaseDownloader.py-ERROR-download 13 12625 5502 ERROR
2018-12-07 15:41:58,235-BaseDownloader.py-ERROR-download 13 12625 5503 ERROR
2018-12-07 15:42:00,734-BaseDownloader.py-ERROR-download 13 12625 5504 ERROR
2018-12-07 15:42:01,058-BaseDownloader.py-ERROR-download 13 12625 5506 ERROR
2018-12-07 15:42:01,062-BaseDownloader.py-ERROR-download 13 12625 5505 ERROR
2018-12-07 15:42:01,553-BaseDownloader.py-ERROR-download 13 12626 5493 ERROR
2018-12-07 15:42:02,075-BaseDownloader.py-ERROR-download 13 12626 5496 ERROR
2018-12-07 15:42:02,682-BaseDownloader.py-ERROR-download 13 12626 5495 ERROR
2018-12-07 15:42:03,026-BaseDownloader.py-ERROR-download 13 12626 5494 ERROR
2018-12-07 15:42:03,806-BaseDownloader.py-ERROR-download 13 12626 5497 ERROR
2018-12-07 15:42:04,478-BaseDownloader.py-ERROR-download 13 12626 5498 ERROR
2018-12-07 15:42:04,796-BaseDownloader.py-ERROR-download 13 12626 5499 ERROR
2018-12-07 15:42:07,266-BaseDownloader.py-ERROR-download 13 12626 5500 ERROR
2018-12-07 15:42:07,406-BaseDownloader.py-ERROR-download 13 12626 5501 ERROR
2018-12-07 15:42:07,444-BaseDownloader.py-ERROR-download 13 12626 5502 ERROR
2018-12-07 15:42:07,908-BaseDownloader.py-ERROR-download 13 12626 5503 ERROR
2018-12-07 15:42:08,419-BaseDownloader.py-ERROR-download 13 12626 5504 ERROR
2018-12-07 15:42:09,342-BaseDownloader.py-ERROR-download 13 12626 5505 ERROR
2018-12-07 15:42:09,382-BaseDownloader.py-ERROR-download 13 12626 5506 ERROR
2018-12-07 15:42:10,193-BaseDownloader.py-ERROR-download 13 12627 5493 ERROR
2018-12-07 15:42:10,939-BaseDownloader.py-ERROR-download 13 12627 5494 ERROR
2018-12-07 15:42:11,040-BaseDownloader.py-ERROR-download 13 12627 5495 ERROR
2018-12-07 15:42:13,699-BaseDownloader.py-ERROR-download 13 12627 5496 ERROR
2018-12-07 15:45:40,600-BaseDownloader.py-ERROR-download 16 50470 26838 ERROR
2018-12-07 15:45:41,348-BaseDownloader.py-ERROR-download 16 50470 26840 ERROR
2018-12-07 16:12:43,038-BaseDownloader.py-ERROR-download 18 201905 107527 ERROR
2018-12-07 16:12:58,615-BaseDownloader.py-ERROR-download 18 201906 107525 ERROR
2018-12-07 16:22:51,333-BaseDownloader.py-ERROR-download 18 201956 107373 ERROR
2018-12-07 16:25:28,428-BaseDownloader.py-ERROR-download 18 201971 107349 ERROR
2018-12-07 16:27:17,925-BaseDownloader.py-ERROR-download 18 201979 107456 ERROR
2018-12-07 16:48:04,264-BaseDownloader.py-ERROR-download 18 202060 107526 ERROR
2018-12-10 14:21:48,906-main_dialog.py-ERROR-max or min longitude error
2018-12-10 14:22:05,147-BaseDownloader.py-ERROR-download 0 1 0 ERROR
2018-12-10 14:22:05,148-BaseDownloader.py-ERROR-download 2 6 2 ERROR
2018-12-10 14:22:05,170-BaseDownloader.py-ERROR-download 1 3 1 ERROR
2018-12-10 14:22:05,201-BaseDownloader.py-ERROR-download 7 211 81 ERROR
2018-12-10 14:22:05,239-BaseDownloader.py-ERROR-download 6 105 41 ERROR
2018-12-10 14:22:05,633-BaseDownloader.py-ERROR-download 6 105 40 ERROR
2018-12-10 14:22:05,692-BaseDownloader.py-ERROR-download 5 52 20 ERROR
2018-12-10 14:22:05,769-BaseDownloader.py-ERROR-download 7 211 82 ERROR
2018-12-10 14:22:06,414-BaseDownloader.py-ERROR-download 3 13 5 ERROR
2018-12-10 14:22:06,958-BaseDownloader.py-ERROR-download 4 26 10 ERROR
2018-12-10 14:22:11,867-BaseDownloader.py-ERROR-download 9 845 327 ERROR
2018-12-10 14:22:12,032-BaseDownloader.py-ERROR-download 8 423 164 ERROR
2018-12-10 14:22:12,154-BaseDownloader.py-ERROR-download 8 422 163 ERROR
2018-12-10 14:22:12,260-BaseDownloader.py-ERROR-download 9 845 328 ERROR
2018-12-10 14:22:12,261-BaseDownloader.py-ERROR-download 8 422 164 ERROR
2018-12-10 14:22:12,398-BaseDownloader.py-ERROR-download 8 423 163 ERROR
2018-12-10 14:22:12,514-BaseDownloader.py-ERROR-download 9 846 327 ERROR
2018-12-10 14:22:13,371-BaseDownloader.py-ERROR-download 9 845 329 ERROR
2018-12-10 14:22:14,692-BaseDownloader.py-ERROR-download 9 846 328 ERROR
2018-12-10 14:22:15,220-BaseDownloader.py-ERROR-download 9 846 329 ERROR
2018-12-10 14:22:31,910-BaseDownloader.py-ERROR-download 17 108244 55880 ERROR
2018-12-10 14:22:59,886-BaseDownloader.py-ERROR-download 17 108250 55885 ERROR
2018-12-10 14:24:25,528-BaseDownloader.py-ERROR-download 17 108269 55869 ERROR
2018-12-10 14:25:18,129-BaseDownloader.py-ERROR-download 17 108278 55906 ERROR
2018-12-10 14:26:02,110-BaseDownloader.py-ERROR-download 17 108288 55864 ERROR
2018-12-10 14:26:02,579-BaseDownloader.py-ERROR-download 17 108288 55878 ERROR
2018-12-10 14:26:02,795-BaseDownloader.py-ERROR-download 17 108288 55882 ERROR
2018-12-10 14:26:03,010-BaseDownloader.py-ERROR-download 17 108288 55887 ERROR
2018-12-10 14:26:03,387-BaseDownloader.py-ERROR-download 17 108288 55893 ERROR
2018-12-10 14:26:11,590-BaseDownloader.py-ERROR-download 17 108290 55891 ERROR
2018-12-10 14:26:15,806-BaseDownloader.py-ERROR-download 17 108291 55867 ERROR
2018-12-10 14:26:15,835-BaseDownloader.py-ERROR-download 17 108291 55873 ERROR
2018-12-10 14:26:29,581-BaseDownloader.py-ERROR-download 17 108294 55863 ERROR
2018-12-10 14:26:38,055-BaseDownloader.py-ERROR-download 17 108296 55863 ERROR
2018-12-10 14:26:46,573-BaseDownloader.py-ERROR-download 17 108298 55882 ERROR
2018-12-10 14:26:49,482-BaseDownloader.py-ERROR-download 17 108298 55989 ERROR
2018-12-10 14:27:13,357-BaseDownloader.py-ERROR-download 17 108304 55891 ERROR
2018-12-10 14:28:38,526-BaseDownloader.py-ERROR-download 17 108314 55887 ERROR
2018-12-10 14:30:26,161-BaseDownloader.py-ERROR-download 18 216496 111713 ERROR
2018-12-10 15:07:41,129-BaseDownloader.py-ERROR-download 18 216614 111749 ERROR
2019-01-07 10:04:02,454-BaseDownloader.py-ERROR-download 18 211862 114643 ERROR
2019-01-27 14:11:08,782-BaseDownloader.py-ERROR-download 0 0 0 ERROR
2019-01-27 14:11:09,521-BaseDownloader.py-ERROR-download 1 1 0 ERROR
2019-01-27 14:11:10,090-BaseDownloader.py-ERROR-download 2 3 1 ERROR
2019-01-27 14:11:10,325-BaseDownloader.py-ERROR-download 3 6 3 ERROR
2019-01-27 14:11:11,103-BaseDownloader.py-ERROR-download 5 26 13 ERROR
2019-01-27 14:11:11,253-BaseDownloader.py-ERROR-download 4 13 6 ERROR
2019-01-27 14:11:11,332-BaseDownloader.py-ERROR-download 8 209 104 ERROR
2019-01-27 14:11:11,351-BaseDownloader.py-ERROR-download 6 52 26 ERROR
2019-01-27 14:11:11,352-BaseDownloader.py-ERROR-download 9 418 209 ERROR
2019-01-27 14:11:11,353-BaseDownloader.py-ERROR-download 7 104 52 ERROR
2019-01-27 14:11:23,936-BaseDownloader.py-ERROR-download 10 836 418 ERROR
2019-01-27 14:11:24,652-BaseDownloader.py-ERROR-download 10 836 419 ERROR
2019-01-27 14:11:25,221-BaseDownloader.py-ERROR-download 11 1672 837 ERROR
2019-01-27 14:11:25,459-BaseDownloader.py-ERROR-download 11 1672 838 ERROR
2019-01-27 14:11:26,227-BaseDownloader.py-ERROR-download 11 1673 837 ERROR
2019-01-27 14:11:26,380-BaseDownloader.py-ERROR-download 11 1673 838 ERROR
2019-01-27 14:11:26,507-BaseDownloader.py-ERROR-download 12 3345 1675 ERROR
2019-01-27 14:11:26,623-BaseDownloader.py-ERROR-download 12 3346 1675 ERROR
2019-01-27 14:11:26,641-BaseDownloader.py-ERROR-download 12 3346 1676 ERROR
2019-01-27 14:11:26,643-BaseDownloader.py-ERROR-download 12 3345 1676 ERROR
2019-01-27 14:14:32,537-BaseDownloader.py-ERROR-download 13 6692 3350 ERROR
2019-01-27 14:14:35,936-BaseDownloader.py-ERROR-download 13 6691 3351 ERROR
2019-01-27 14:14:35,938-BaseDownloader.py-ERROR-download 13 6692 3351 ERROR
2019-01-27 14:14:35,939-BaseDownloader.py-ERROR-download 13 6691 3350 ERROR
2019-01-27 14:14:35,940-BaseDownloader.py-ERROR-download 13 6690 3353 ERROR
2019-01-27 14:14:35,941-BaseDownloader.py-ERROR-download 13 6691 3353 ERROR
2019-01-27 14:14:35,942-BaseDownloader.py-ERROR-download 13 6690 3350 ERROR
2019-01-27 14:14:35,944-BaseDownloader.py-ERROR-download 13 6690 3351 ERROR
2019-01-27 14:14:35,945-BaseDownloader.py-ERROR-download 13 6690 3352 ERROR
2019-01-27 14:14:35,946-BaseDownloader.py-ERROR-download 13 6691 3352 ERROR
2019-01-27 14:14:50,581-BaseDownloader.py-ERROR-download 13 6692 3352 ERROR
2019-01-27 14:14:56,247-BaseDownloader.py-ERROR-download 13 6692 3353 ERROR
2019-03-08 15:38:22,395-BaseDownloader.py-ERROR-download 1 0 2 ERROR
2019-03-08 15:38:23,416-BaseDownloader.py-ERROR-download 0 0 1 ERROR
2019-03-08 15:38:24,675-BaseDownloader.py-ERROR-download 0 1 1 ERROR
2019-03-08 15:38:29,245-BaseDownloader.py-ERROR-download 1 2 2 ERROR
2019-03-08 15:38:29,434-BaseDownloader.py-ERROR-download 0 2 1 ERROR
2019-03-08 15:38:32,790-BaseDownloader.py-ERROR-download 1 1 2 ERROR
2019-03-08 15:38:33,185-BaseDownloader.py-ERROR-download 0 2 0 ERROR
2019-03-08 15:38:34,564-BaseDownloader.py-ERROR-download 1 3 2 ERROR
2019-03-08 15:38:37,269-BaseDownloader.py-ERROR-download 1 4 1 ERROR
2019-03-08 15:38:38,406-BaseDownloader.py-ERROR-download 2 0 4 ERROR
2019-03-08 15:38:41,374-BaseDownloader.py-ERROR-download 1 4 0 ERROR
2019-03-08 15:38:43,329-BaseDownloader.py-ERROR-download 1 4 2 ERROR
2019-03-08 15:38:44,745-BaseDownloader.py-ERROR-download 2 2 4 ERROR
2019-03-08 15:38:44,906-BaseDownloader.py-ERROR-download 2 1 4 ERROR
2019-03-08 15:38:49,167-BaseDownloader.py-ERROR-download 2 3 4 ERROR
2019-03-08 15:38:51,412-BaseDownloader.py-ERROR-download 2 4 4 ERROR
2019-03-08 15:38:52,804-BaseDownloader.py-ERROR-download 2 5 4 ERROR
2019-03-08 15:38:54,523-BaseDownloader.py-ERROR-download 2 6 4 ERROR
2019-03-08 15:38:54,888-BaseDownloader.py-ERROR-download 2 7 4 ERROR
2019-03-08 15:38:56,227-BaseDownloader.py-ERROR-download 2 8 0 ERROR
2019-03-08 15:38:56,402-BaseDownloader.py-ERROR-download 2 8 1 ERROR
2019-03-08 15:38:56,908-BaseDownloader.py-ERROR-download 2 8 2 ERROR
2019-03-08 15:38:57,369-BaseDownloader.py-ERROR-download 2 8 3 ERROR
2019-03-08 15:38:57,745-BaseDownloader.py-ERROR-download 2 8 4 ERROR
2019-03-08 15:39:00,511-BaseDownloader.py-ERROR-download 3 0 8 ERROR
2019-03-08 15:39:03,695-BaseDownloader.py-ERROR-download 3 1 8 ERROR
2019-03-08 15:39:06,351-BaseDownloader.py-ERROR-download 3 2 8 ERROR
2019-03-08 15:39:09,088-BaseDownloader.py-ERROR-download 3 3 8 ERROR
2019-03-08 15:39:11,850-BaseDownloader.py-ERROR-download 3 4 8 ERROR
2019-03-08 15:39:14,271-BaseDownloader.py-ERROR-download 3 5 8 ERROR
2019-03-08 15:39:17,128-BaseDownloader.py-ERROR-download 3 6 8 ERROR
2019-03-08 15:39:20,368-BaseDownloader.py-ERROR-download 3 7 8 ERROR
2019-03-08 15:39:22,627-BaseDownloader.py-ERROR-download 3 8 8 ERROR
2019-03-08 15:39:25,981-BaseDownloader.py-ERROR-download 3 9 8 ERROR
2019-03-08 15:39:28,499-BaseDownloader.py-ERROR-download 3 10 8 ERROR
2019-03-08 15:39:31,417-BaseDownloader.py-ERROR-download 3 11 8 ERROR
2019-03-08 15:39:33,870-BaseDownloader.py-ERROR-download 3 12 8 ERROR
2019-03-08 15:39:36,314-BaseDownloader.py-ERROR-download 3 13 8 ERROR
2019-03-08 15:39:39,783-BaseDownloader.py-ERROR-download 3 14 8 ERROR
2019-03-08 15:39:42,606-BaseDownloader.py-ERROR-download 3 15 8 ERROR
2019-03-08 15:39:42,800-BaseDownloader.py-ERROR-download 3 16 0 ERROR
2019-03-08 15:39:42,968-BaseDownloader.py-ERROR-download 3 16 1 ERROR
2019-03-08 15:39:43,321-BaseDownloader.py-ERROR-download 3 16 3 ERROR
2019-03-08 15:39:43,454-BaseDownloader.py-ERROR-download 3 16 2 ERROR
2019-03-08 15:39:43,605-BaseDownloader.py-ERROR-download 3 16 4 ERROR
2019-03-08 15:39:44,132-BaseDownloader.py-ERROR-download 3 16 5 ERROR
2019-03-08 15:39:44,531-BaseDownloader.py-ERROR-download 3 16 7 ERROR
2019-03-08 15:39:44,576-BaseDownloader.py-ERROR-download 3 16 8 ERROR
2019-03-08 15:39:44,663-BaseDownloader.py-ERROR-download 3 16 6 ERROR
2019-03-08 15:39:47,408-BaseDownloader.py-ERROR-download 4 0 16 ERROR
2019-03-08 15:39:51,709-BaseDownloader.py-ERROR-download 4 1 16 ERROR
2019-03-08 15:39:57,381-BaseDownloader.py-ERROR-download 4 2 16 ERROR
2019-03-08 15:40:01,762-BaseDownloader.py-ERROR-download 4 3 16 ERROR
2019-03-08 15:40:06,078-BaseDownloader.py-ERROR-download 4 4 16 ERROR
2019-03-08 15:40:09,003-BaseDownloader.py-ERROR-download 4 5 16 ERROR
2019-03-08 15:40:12,246-BaseDownloader.py-ERROR-download 4 6 16 ERROR
2019-03-08 15:40:16,336-BaseDownloader.py-ERROR-download 4 7 16 ERROR
2019-03-08 15:40:20,219-BaseDownloader.py-ERROR-download 4 8 16 ERROR
2019-03-08 15:40:24,214-BaseDownloader.py-ERROR-download 4 9 16 ERROR
2019-03-08 15:40:27,887-BaseDownloader.py-ERROR-download 4 10 16 ERROR
2019-03-08 15:40:31,218-BaseDownloader.py-ERROR-download 4 11 16 ERROR
2019-03-08 15:40:35,399-BaseDownloader.py-ERROR-download 4 12 16 ERROR
2019-03-08 15:40:38,850-BaseDownloader.py-ERROR-download 4 13 16 ERROR
2019-03-08 15:40:42,830-BaseDownloader.py-ERROR-download 4 14 16 ERROR
2019-03-08 15:40:46,040-BaseDownloader.py-ERROR-download 4 15 16 ERROR
2019-03-08 15:40:50,394-BaseDownloader.py-ERROR-download 4 16 16 ERROR
2019-03-08 15:40:54,011-BaseDownloader.py-ERROR-download 4 17 16 ERROR
2019-03-08 15:40:58,734-BaseDownloader.py-ERROR-download 4 18 16 ERROR
2019-03-08 15:41:02,854-BaseDownloader.py-ERROR-download 4 19 16 ERROR
2019-03-08 15:41:06,591-BaseDownloader.py-ERROR-download 4 20 16 ERROR
2019-03-08 15:41:10,158-BaseDownloader.py-ERROR-download 4 21 16 ERROR
2019-03-08 15:41:14,359-BaseDownloader.py-ERROR-download 4 22 16 ERROR
2019-03-08 15:41:18,034-BaseDownloader.py-ERROR-download 4 23 16 ERROR
2019-03-08 15:41:21,749-BaseDownloader.py-ERROR-download 4 24 16 ERROR
2019-03-08 15:41:26,572-BaseDownloader.py-ERROR-download 4 25 16 ERROR
2019-03-08 15:41:30,924-BaseDownloader.py-ERROR-download 4 26 16 ERROR
2019-03-08 15:41:35,523-BaseDownloader.py-ERROR-download 4 27 16 ERROR
2019-03-08 15:41:41,962-BaseDownloader.py-ERROR-download 4 28 16 ERROR
2019-03-08 15:41:47,771-BaseDownloader.py-ERROR-download 4 29 16 ERROR
2019-03-08 15:41:54,121-BaseDownloader.py-ERROR-download 4 30 16 ERROR
2019-03-08 15:41:58,650-BaseDownloader.py-ERROR-download 4 32 1 ERROR
2019-03-08 15:41:58,941-BaseDownloader.py-ERROR-download 4 31 16 ERROR
2019-03-08 15:41:59,312-BaseDownloader.py-ERROR-download 4 32 0 ERROR
2019-03-08 15:42:00,033-BaseDownloader.py-ERROR-download 4 32 4 ERROR
2019-03-08 15:42:00,372-BaseDownloader.py-ERROR-download 4 32 2 ERROR
2019-03-08 15:42:00,531-BaseDownloader.py-ERROR-download 4 32 3 ERROR
2019-03-08 15:42:01,236-BaseDownloader.py-ERROR-download 4 32 6 ERROR
2019-03-08 15:42:01,481-BaseDownloader.py-ERROR-download 4 32 7 ERROR
2019-03-08 15:42:01,573-BaseDownloader.py-ERROR-download 4 32 8 ERROR
2019-03-08 15:42:01,621-BaseDownloader.py-ERROR-download 4 32 5 ERROR
2019-03-08 15:42:02,212-BaseDownloader.py-ERROR-download 4 32 9 ERROR
2019-03-08 15:42:02,332-BaseDownloader.py-ERROR-download 4 32 10 ERROR
2019-03-08 15:42:02,391-BaseDownloader.py-ERROR-download 4 32 11 ERROR
2019-03-08 15:42:02,523-BaseDownloader.py-ERROR-download 4 32 12 ERROR
2019-03-08 15:42:02,952-BaseDownloader.py-ERROR-download 4 32 14 ERROR
2019-03-08 15:42:02,992-BaseDownloader.py-ERROR-download 4 32 13 ERROR
2019-03-08 15:42:03,195-BaseDownloader.py-ERROR-download 4 32 15 ERROR
2019-03-08 15:42:03,991-BaseDownloader.py-ERROR-download 4 32 16 ERROR
2019-03-08 15:42:10,121-BaseDownloader.py-ERROR-download 5 0 32 ERROR
2019-03-08 15:42:20,744-BaseDownloader.py-ERROR-download 5 1 32 ERROR
2019-03-08 15:42:29,054-BaseDownloader.py-ERROR-download 5 2 32 ERROR
2019-03-08 15:42:39,877-BaseDownloader.py-ERROR-download 5 3 32 ERROR
2019-03-08 15:42:51,373-BaseDownloader.py-ERROR-download 5 4 32 ERROR
2019-03-08 15:43:02,432-BaseDownloader.py-ERROR-download 5 5 32 ERROR
2019-03-08 15:43:12,174-BaseDownloader.py-ERROR-download 5 6 32 ERROR
2019-03-08 15:43:26,526-BaseDownloader.py-ERROR-download 5 7 32 ERROR
2019-03-08 15:43:40,433-BaseDownloader.py-ERROR-download 5 8 32 ERROR
2019-03-08 15:43:52,016-BaseDownloader.py-ERROR-download 5 9 32 ERROR
2019-03-08 15:44:02,889-BaseDownloader.py-ERROR-download 8 0 0 ERROR
2019-03-08 15:44:02,941-BaseDownloader.py-ERROR-download 8 0 1 ERROR
2019-03-08 15:44:02,947-BaseDownloader.py-ERROR-download 8 0 2 ERROR
2019-03-08 15:44:03,049-BaseDownloader.py-ERROR-download 8 0 4 ERROR
2019-03-08 15:44:03,064-BaseDownloader.py-ERROR-download 8 0 3 ERROR
2019-03-08 15:44:03,917-BaseDownloader.py-ERROR-download 5 10 32 ERROR
2019-03-08 15:44:08,793-BaseDownloader.py-ERROR-download 8 0 251 ERROR
2019-03-08 15:44:08,810-BaseDownloader.py-ERROR-download 8 0 252 ERROR
2019-03-08 15:44:08,948-BaseDownloader.py-ERROR-download 8 1 1 ERROR
2019-03-08 15:44:08,959-BaseDownloader.py-ERROR-download 8 1 2 ERROR
2019-03-08 15:44:08,959-BaseDownloader.py-ERROR-download 8 1 4 ERROR
2019-03-08 15:44:08,961-BaseDownloader.py-ERROR-download 8 1 3 ERROR
2019-03-08 15:44:08,971-BaseDownloader.py-ERROR-download 8 1 0 ERROR
2019-03-08 15:44:14,189-BaseDownloader.py-ERROR-download 5 11 32 ERROR
2019-03-08 15:44:15,985-BaseDownloader.py-ERROR-download 8 1 252 ERROR
2019-03-08 15:44:15,989-BaseDownloader.py-ERROR-download 8 1 251 ERROR
2019-03-08 15:44:16,001-BaseDownloader.py-ERROR-download 8 2 0 ERROR
2019-03-08 15:44:16,007-BaseDownloader.py-ERROR-download 8 2 2 ERROR
2019-03-08 15:44:16,009-BaseDownloader.py-ERROR-download 8 2 3 ERROR
2019-03-08 15:44:16,020-BaseDownloader.py-ERROR-download 8 2 1 ERROR
2019-03-08 15:44:16,074-BaseDownloader.py-ERROR-download 8 2 4 ERROR
2019-03-08 15:44:21,841-BaseDownloader.py-ERROR-download 8 3 0 ERROR
2019-03-08 15:44:21,842-BaseDownloader.py-ERROR-download 8 3 2 ERROR
2019-03-08 15:44:21,842-BaseDownloader.py-ERROR-download 8 3 1 ERROR
2019-03-08 15:44:21,851-BaseDownloader.py-ERROR-download 8 3 3 ERROR
2019-03-08 15:44:21,965-BaseDownloader.py-ERROR-download 8 3 4 ERROR
2019-03-08 15:44:23,170-BaseDownloader.py-ERROR-download 5 12 32 ERROR
2019-03-08 15:44:27,606-BaseDownloader.py-ERROR-download 8 4 3 ERROR
2019-03-08 15:44:27,610-BaseDownloader.py-ERROR-download 8 4 2 ERROR
2019-03-08 15:44:27,611-BaseDownloader.py-ERROR-download 8 4 1 ERROR
2019-03-08 15:44:27,613-BaseDownloader.py-ERROR-download 8 4 4 ERROR
2019-03-08 15:44:27,615-BaseDownloader.py-ERROR-download 8 4 0 ERROR
2019-03-08 15:44:33,401-BaseDownloader.py-ERROR-download 8 5 0 ERROR
2019-03-08 15:44:33,417-BaseDownloader.py-ERROR-download 8 5 4 ERROR
2019-03-08 15:44:33,417-BaseDownloader.py-ERROR-download 8 5 3 ERROR
2019-03-08 15:44:33,418-BaseDownloader.py-ERROR-download 8 5 2 ERROR
2019-03-08 15:44:33,429-BaseDownloader.py-ERROR-download 8 5 1 ERROR
2019-03-08 15:44:34,308-BaseDownloader.py-ERROR-download 5 13 32 ERROR
2019-03-08 15:44:38,935-BaseDownloader.py-ERROR-download 8 6 1 ERROR
2019-03-08 15:44:38,942-BaseDownloader.py-ERROR-download 8 6 0 ERROR
2019-03-08 15:44:39,068-BaseDownloader.py-ERROR-download 8 6 3 ERROR
2019-03-08 15:44:39,068-BaseDownloader.py-ERROR-download 8 6 2 ERROR
2019-03-08 15:44:39,155-BaseDownloader.py-ERROR-download 8 6 4 ERROR
2019-03-08 15:44:45,233-BaseDownloader.py-ERROR-download 8 6 251 ERROR
2019-03-08 15:44:45,359-BaseDownloader.py-ERROR-download 8 6 255 ERROR
2019-03-08 15:44:45,365-BaseDownloader.py-ERROR-download 8 7 1 ERROR
2019-03-08 15:44:45,370-BaseDownloader.py-ERROR-download 8 7 0 ERROR
2019-03-08 15:44:45,374-BaseDownloader.py-ERROR-download 8 7 2 ERROR
2019-03-08 15:44:45,384-BaseDownloader.py-ERROR-download 8 7 4 ERROR
2019-03-08 15:44:45,387-BaseDownloader.py-ERROR-download 8 7 3 ERROR
2019-03-08 15:44:45,576-BaseDownloader.py-ERROR-download 5 14 32 ERROR
2019-03-08 15:44:50,724-BaseDownloader.py-ERROR-download 8 7 251 ERROR
2019-03-08 15:44:50,826-BaseDownloader.py-ERROR-download 8 8 0 ERROR
2019-03-08 15:44:50,830-BaseDownloader.py-ERROR-download 8 7 255 ERROR
2019-03-08 15:44:50,858-BaseDownloader.py-ERROR-download 8 8 3 ERROR
2019-03-08 15:44:50,887-BaseDownloader.py-ERROR-download 8 8 2 ERROR
2019-03-08 15:44:50,888-BaseDownloader.py-ERROR-download 8 8 4 ERROR
2019-03-08 15:44:50,888-BaseDownloader.py-ERROR-download 8 8 1 ERROR
2019-03-08 15:44:57,238-BaseDownloader.py-ERROR-download 8 8 251 ERROR
2019-03-08 15:44:57,239-BaseDownloader.py-ERROR-download 8 8 253 ERROR
2019-03-08 15:44:57,239-BaseDownloader.py-ERROR-download 8 8 254 ERROR
2019-03-08 15:44:57,248-BaseDownloader.py-ERROR-download 8 8 252 ERROR
2019-03-08 15:44:57,303-BaseDownloader.py-ERROR-download 8 8 255 ERROR
2019-03-08 15:44:57,374-BaseDownloader.py-ERROR-download 8 9 0 ERROR
2019-03-08 15:44:57,381-BaseDownloader.py-ERROR-download 8 9 3 ERROR
2019-03-08 15:44:57,382-BaseDownloader.py-ERROR-download 8 9 1 ERROR
2019-03-08 15:44:57,382-BaseDownloader.py-ERROR-download 8 9 2 ERROR
2019-03-08 15:44:57,429-BaseDownloader.py-ERROR-download 8 9 4 ERROR
2019-03-08 15:44:58,040-BaseDownloader.py-ERROR-download 5 15 32 ERROR
2019-03-08 15:45:03,407-BaseDownloader.py-ERROR-download 8 9 252 ERROR
2019-03-08 15:45:03,417-BaseDownloader.py-ERROR-download 8 9 251 ERROR
2019-03-08 15:45:03,507-BaseDownloader.py-ERROR-download 8 9 253 ERROR
2019-03-08 15:45:03,546-BaseDownloader.py-ERROR-download 8 9 254 ERROR
2019-03-08 15:45:03,550-BaseDownloader.py-ERROR-download 8 10 0 ERROR
2019-03-08 15:45:03,553-BaseDownloader.py-ERROR-download 8 10 2 ERROR
2019-03-08 15:45:03,556-BaseDownloader.py-ERROR-download 8 10 1 ERROR
2019-03-08 15:45:03,559-BaseDownloader.py-ERROR-download 8 9 255 ERROR
2019-03-08 15:45:03,632-BaseDownloader.py-ERROR-download 8 10 3 ERROR
2019-03-08 15:45:03,685-BaseDownloader.py-ERROR-download 8 10 4 ERROR
2019-03-08 15:45:10,895-BaseDownloader.py-ERROR-download 8 10 251 ERROR
2019-03-08 15:45:10,899-BaseDownloader.py-ERROR-download 8 10 253 ERROR
2019-03-08 15:45:10,948-BaseDownloader.py-ERROR-download 5 16 32 ERROR
2019-03-08 15:45:11,018-BaseDownloader.py-ERROR-download 8 10 255 ERROR
2019-03-08 15:45:11,021-BaseDownloader.py-ERROR-download 8 10 254 ERROR
2019-03-08 15:45:11,025-BaseDownloader.py-ERROR-download 8 11 1 ERROR
2019-03-08 15:45:11,044-BaseDownloader.py-ERROR-download 8 11 2 ERROR
2019-03-08 15:45:11,165-BaseDownloader.py-ERROR-download 8 11 3 ERROR
2019-03-08 15:45:11,167-BaseDownloader.py-ERROR-download 8 11 4 ERROR
2019-03-08 15:45:12,897-BaseDownloader.py-ERROR-download 8 10 252 ERROR
2019-03-08 15:45:13,040-BaseDownloader.py-ERROR-download 8 11 0 ERROR
2019-03-08 15:45:17,845-BaseDownloader.py-ERROR-download 8 11 253 ERROR
2019-03-08 15:45:17,847-BaseDownloader.py-ERROR-download 8 11 252 ERROR
2019-03-08 15:45:17,851-BaseDownloader.py-ERROR-download 8 11 251 ERROR
2019-03-08 15:45:17,858-BaseDownloader.py-ERROR-download 8 11 254 ERROR
2019-03-08 15:45:17,867-BaseDownloader.py-ERROR-download 8 11 255 ERROR
2019-03-08 15:45:17,893-BaseDownloader.py-ERROR-download 8 12 0 ERROR
2019-03-08 15:45:18,023-BaseDownloader.py-ERROR-download 8 12 1 ERROR
2019-03-08 15:45:18,031-BaseDownloader.py-ERROR-download 8 12 2 ERROR
2019-03-08 15:45:18,039-BaseDownloader.py-ERROR-download 8 12 3 ERROR
2019-03-08 15:45:18,048-BaseDownloader.py-ERROR-download 8 12 4 ERROR
2019-03-08 15:45:24,086-BaseDownloader.py-ERROR-download 5 17 32 ERROR
2019-03-08 15:45:26,262-BaseDownloader.py-ERROR-download 8 12 252 ERROR
2019-03-08 15:45:26,263-BaseDownloader.py-ERROR-download 8 13 0 ERROR
2019-03-08 15:45:26,270-BaseDownloader.py-ERROR-download 8 12 251 ERROR
2019-03-08 15:45:26,275-BaseDownloader.py-ERROR-download 8 12 253 ERROR
2019-03-08 15:45:26,279-BaseDownloader.py-ERROR-download 8 12 254 ERROR
2019-03-08 15:45:26,279-BaseDownloader.py-ERROR-download 8 13 4 ERROR
2019-03-08 15:45:26,279-BaseDownloader.py-ERROR-download 8 12 255 ERROR
2019-03-08 15:45:26,280-BaseDownloader.py-ERROR-download 8 13 2 ERROR
2019-03-08 15:45:26,280-BaseDownloader.py-ERROR-download 8 13 3 ERROR
2019-03-08 15:45:26,282-BaseDownloader.py-ERROR-download 8 13 1 ERROR
2019-03-08 15:45:30,408-BaseDownloader.py-ERROR-download 8 13 251 ERROR
2019-03-08 15:45:30,413-BaseDownloader.py-ERROR-download 8 13 252 ERROR
2019-03-08 15:45:30,440-BaseDownloader.py-ERROR-download 8 13 253 ERROR
2019-03-08 15:45:30,453-BaseDownloader.py-ERROR-download 8 13 254 ERROR
2019-03-08 15:45:30,457-BaseDownloader.py-ERROR-download 8 13 255 ERROR
2019-03-08 15:45:30,484-BaseDownloader.py-ERROR-download 8 14 0 ERROR
2019-03-08 15:45:30,543-BaseDownloader.py-ERROR-download 8 14 2 ERROR
2019-03-08 15:45:30,544-BaseDownloader.py-ERROR-download 8 14 1 ERROR
2019-03-08 15:45:30,565-BaseDownloader.py-ERROR-download 8 14 3 ERROR
2019-03-08 15:45:30,588-BaseDownloader.py-ERROR-download 8 14 4 ERROR
2019-03-08 15:45:37,787-BaseDownloader.py-ERROR-download 5 18 32 ERROR
2019-03-08 15:45:38,470-BaseDownloader.py-ERROR-download 8 14 251 ERROR
2019-03-08 15:45:38,502-BaseDownloader.py-ERROR-download 8 14 253 ERROR
2019-03-08 15:45:38,506-BaseDownloader.py-ERROR-download 8 14 252 ERROR
2019-03-08 15:45:38,510-BaseDownloader.py-ERROR-download 8 14 254 ERROR
2019-03-08 15:45:38,538-BaseDownloader.py-ERROR-download 8 14 255 ERROR
2019-03-08 15:45:38,572-BaseDownloader.py-ERROR-download 8 15 0 ERROR
2019-03-08 15:45:38,597-BaseDownloader.py-ERROR-download 8 15 2 ERROR
2019-03-08 15:45:38,608-BaseDownloader.py-ERROR-download 8 15 3 ERROR
2019-03-08 15:45:38,609-BaseDownloader.py-ERROR-download 8 15 1 ERROR
2019-03-08 15:45:38,610-BaseDownloader.py-ERROR-download 8 15 4 ERROR
2019-03-08 15:45:44,507-BaseDownloader.py-ERROR-download 8 15 252 ERROR
2019-03-08 15:45:44,508-BaseDownloader.py-ERROR-download 8 15 253 ERROR
2019-03-08 15:45:44,528-BaseDownloader.py-ERROR-download 8 15 251 ERROR
2019-03-08 15:45:44,708-BaseDownloader.py-ERROR-download 8 16 0 ERROR
2019-03-08 15:45:44,712-BaseDownloader.py-ERROR-download 8 15 254 ERROR
2019-03-08 15:45:44,716-BaseDownloader.py-ERROR-download 8 15 255 ERROR
2019-03-08 15:45:44,724-BaseDownloader.py-ERROR-download 8 16 1 ERROR
2019-03-08 15:45:44,852-BaseDownloader.py-ERROR-download 8 16 4 ERROR
2019-03-08 15:45:44,855-BaseDownloader.py-ERROR-download 8 16 3 ERROR
2019-03-08 15:45:45,920-BaseDownloader.py-ERROR-download 8 16 2 ERROR
2019-03-08 15:45:50,303-BaseDownloader.py-ERROR-download 8 16 251 ERROR
2019-03-08 15:45:50,345-BaseDownloader.py-ERROR-download 8 16 253 ERROR
2019-03-08 15:45:50,380-BaseDownloader.py-ERROR-download 8 17 0 ERROR
2019-03-08 15:45:50,382-BaseDownloader.py-ERROR-download 8 16 254 ERROR
2019-03-08 15:45:50,383-BaseDownloader.py-ERROR-download 8 16 255 ERROR
2019-03-08 15:45:50,387-BaseDownloader.py-ERROR-download 8 17 1 ERROR
2019-03-08 15:45:50,390-BaseDownloader.py-ERROR-download 8 16 252 ERROR
2019-03-08 15:45:50,417-BaseDownloader.py-ERROR-download 8 17 2 ERROR
2019-03-08 15:45:50,433-BaseDownloader.py-ERROR-download 8 17 3 ERROR
2019-03-08 15:45:50,473-BaseDownloader.py-ERROR-download 8 17 4 ERROR
2019-03-08 15:45:57,972-BaseDownloader.py-ERROR-download 8 18 1 ERROR
2019-03-08 15:45:57,979-BaseDownloader.py-ERROR-download 8 17 254 ERROR
2019-03-08 15:45:57,980-BaseDownloader.py-ERROR-download 8 18 0 ERROR
2019-03-08 15:45:57,980-BaseDownloader.py-ERROR-download 8 17 251 ERROR
2019-03-08 15:45:57,981-BaseDownloader.py-ERROR-download 8 17 253 ERROR
2019-03-08 15:45:57,982-BaseDownloader.py-ERROR-download 8 17 255 ERROR
2019-03-08 15:45:57,982-BaseDownloader.py-ERROR-download 8 17 252 ERROR
2019-03-08 15:45:58,060-BaseDownloader.py-ERROR-download 5 19 32 ERROR
2019-03-08 15:45:58,116-BaseDownloader.py-ERROR-download 8 18 2 ERROR
2019-03-08 15:45:58,122-BaseDownloader.py-ERROR-download 8 18 4 ERROR
2019-03-08 15:45:58,123-BaseDownloader.py-ERROR-download 8 18 3 ERROR
2019-03-08 15:46:02,563-BaseDownloader.py-ERROR-download 8 18 251 ERROR
2019-03-08 15:46:02,583-BaseDownloader.py-ERROR-download 8 18 254 ERROR
2019-03-08 15:46:02,587-BaseDownloader.py-ERROR-download 8 18 252 ERROR
2019-03-08 15:46:02,607-BaseDownloader.py-ERROR-download 8 18 255 ERROR
2019-03-08 15:46:02,663-BaseDownloader.py-ERROR-download 8 19 0 ERROR
2019-03-08 15:46:02,669-BaseDownloader.py-ERROR-download 8 19 1 ERROR
2019-03-08 15:46:02,698-BaseDownloader.py-ERROR-download 8 19 2 ERROR
2019-03-08 15:46:02,713-BaseDownloader.py-ERROR-download 8 19 3 ERROR
2019-03-08 15:46:02,721-BaseDownloader.py-ERROR-download 8 19 4 ERROR
2019-03-08 15:46:04,583-BaseDownloader.py-ERROR-download 8 18 253 ERROR
2019-03-29 16:53:04,777-GoogleDownloader.py-ERROR-'GoogleDownloadEngine' object has no attribute 'URL'
2019-03-29 17:13:11,994-GoogleDownloader.py-ERROR-'GoogleDownloadEngine' object has no attribute 'URL'
2019-03-29 17:13:12,035-BaseDownloader.py-ERROR-0 0 0 is exist in database
2019-03-29 17:13:12,040-BaseDownloader.py-ERROR-1 1 0 is exist in database
2019-03-29 17:13:12,183-BaseDownloader.py-ERROR-5 16 15 is exist in database
2019-03-29 17:13:12,189-BaseDownloader.py-ERROR-5 16 14 is exist in database
2019-03-29 17:13:12,199-BaseDownloader.py-ERROR-3 4 3 is exist in database
2019-03-29 17:13:12,206-BaseDownloader.py-ERROR-4 8 7 is exist in database
2019-03-29 17:13:12,208-BaseDownloader.py-ERROR-2 2 1 is exist in database
2019-03-29 17:13:39,861-GoogleDownloader.py-ERROR-'GoogleDownloadEngine' object has no attribute 'URL'
2019-03-29 17:14:56,874-GoogleDownloader.py-ERROR-'GoogleDownloadEngine' object has no attribute 'URL'
2019-03-29 17:15:01,410-GoogleDownloader.py-ERROR-'GoogleDownloadEngine' object has no attribute 'URL'
2019-03-29 17:15:18,964-GoogleDownloader.py-ERROR-'GoogleDownloadEngine' object has no attribute 'URL'
